Γραμματική

    0 $accept: program "EOF"

    1 program: body "end" subprograms

    2 body: declarations statements

    3 declarations: declarations type vars
    4             | declarations "record" fields "endrec" vars
    5             | declarations "data" vals
    6             | %empty

    7 type: "integer"
    8     | "real"
    9     | "logical"
   10     | "character"

   11 vars: vars "," undef_variable
   12     | vars "," error
   13     | undef_variable

   14 undef_variable: "id" "(" dims ")"
   15               | "id"

   16 dims: dims "," dim
   17     | dim

   18 dim: "iconst"
   19    | "id"

   20 fields: fields field
   21       | field

   22 field: type vars
   23      | "record" fields "endrec" vars

   24 vals: vals "," "id" value_list
   25     | "id" value_list

   26 value_list: "/" values "/"

   27 values: values "," value
   28       | value

   29 value: repeat "*" "+|-" constant
   30      | repeat "*" constant
   31      | repeat "*" "string"
   32      | "+|-" constant
   33      | constant
   34      | "string"

   35 repeat: "iconst"
   36       | %empty

   37 constant: "iconst"
   38         | "rconst"
   39         | "lconst"
   40         | "cconst"

   41 statements: statements labeled_statement
   42           | labeled_statement

   43 labeled_statement: label statement
   44                  | statement

   45 label: "iconst"

   46 statement: simple_statement
   47          | compound_statement

   48 simple_statement: assignment
   49                 | goto_statement
   50                 | if_statement
   51                 | subroutine_call
   52                 | io_statement
   53                 | "continue"
   54                 | "return"
   55                 | "stop"

   56 assignment: variable "=" expression
   57           | variable "=" "string"

   58 variable: variable ":" "id"
   59         | variable "(" expressions ")"
   60         | "id"

   61 expressions: expressions "," expression
   62            | expression

   63 expression: expression ".OR." expression
   64           | expression ".AND." expression
   65           | expression ".GT. | .GE. | .LT. | .LE. | .EQ. | .NE." expression
   66           | expression "+|-" expression
   67           | expression "*" expression
   68           | expression "/" expression
   69           | expression "**" expression
   70           | ".NOT" expression
   71           | "+|-" expression
   72           | variable
   73           | constant
   74           | "(" expression ")"

   75 goto_statement: "goto" label
   76               | "goto" "id" "," "(" labels ")"

   77 labels: labels "," label
   78       | label

   79 if_statement: "if" "(" expression ")" label "," label "," label
   80             | "if" "(" expression ")" simple_statement
   81             | error "(" expression ")" label "," label "," label
   82             | error "(" expression ")" simple_statement

   83 subroutine_call: "call" variable

   84 io_statement: "read" read_list
   85             | "write" write_list

   86 read_list: read_list "," read_item
   87          | read_item

   88 read_item: variable
   89          | "(" read_list "," "id" "=" iter_space ")"

   90 iter_space: expression "," expression step

   91 step: "," expression
   92     | %empty

   93 write_list: write_list "," write_item
   94           | write_item

   95 write_item: expression
   96           | "(" write_list "," "id" "=" iter_space ")"
   97           | "string"

   98 compound_statement: branch_statement
   99                   | loop_statement

  100 branch_statement: "if" "(" expression "then" body tail

  101 tail: "else" body "endif"
  102     | "endif"

  103 loop_statement: "do" "id" "=" iter_space body "enddo"

  104 subprograms: subprograms subprogram
  105            | %empty

  106 subprogram: header body "end"

  107 header: type "function" "id" "(" formal_parameters ")"
  108       | "subroutine" "id" "(" formal_parameters ")"
  109       | "subroutine" "id"

  110 formal_parameters: type vars "," formal_parameters
  111                  | type vars


Τερματικά σύμβολα, με κανόνες όπου εμφανίζονται

"EOF" (0) 0
error (256) 12 81 82
"function" (258) 107
"subroutine" (259) 108 109
"end" (260) 1 106
"integer" (261) 7
"real" (262) 8
"logical" (263) 9
"character" (264) 10
"record" (265) 4 23
"endrec" (266) 4 23
"data" (267) 5
"continue" (268) 53
"goto" (269) 75 76
"call" (270) 83
"read" (271) 84
"write" (272) 85
"if" (273) 79 80 100
"then" (274) 100
"else" (275) 101
"endif" (276) 101 102
"do" (277) 103
"enddo" (278) 103
"stop" (279) 55
"return" (280) 54
".OR." (281) 63
".AND." (282) 64
".NOT" (283) 70
".GT. | .GE. | .LT. | .LE. | .EQ. | .NE." (284) 65
"+|-" (285) 29 32 66 71
"*" (286) 29 30 31 67
"/" (287) 26 68
"**" (288) 69
"(" (289) 14 59 74 76 79 80 81 82 89 96 100 107 108
")" (290) 14 59 74 76 79 80 81 82 89 96 107 108
"," (291) 11 12 16 24 27 61 76 77 79 81 86 89 90 91 93 96 110
"=" (292) 56 57 89 96 103
":" (293) 58
"id" (294) 14 15 19 24 25 58 60 76 89 96 103 107 108 109
"iconst" (295) 18 35 37 45
"rconst" (296) 38
"cconst" (297) 40
"lconst" (298) 39
"string" (299) 31 34 57 97


Μη τερματικά σύμβολα, με κανόνες όπου εμφανίζονται

$accept (45)
   στα αριστερά: 0
program (46)
   στα αριστερά: 1,στα δεξιά: 0
body (47)
   στα αριστερά: 2,στα δεξιά: 1 100 101 103 106
declarations (48)
   στα αριστερά: 3 4 5 6,στα δεξιά: 2 3 4 5
type (49)
   στα αριστερά: 7 8 9 10,στα δεξιά: 3 22 107 110
    111
vars (50)
   στα αριστερά: 11 12 13,στα δεξιά: 3 4 11 12 22
    23 110 111
undef_variable (51)
   στα αριστερά: 14 15,στα δεξιά: 11 13
dims (52)
   στα αριστερά: 16 17,στα δεξιά: 14 16
dim (53)
   στα αριστερά: 18 19,στα δεξιά: 16 17
fields (54)
   στα αριστερά: 20 21,στα δεξιά: 4 20 23
field (55)
   στα αριστερά: 22 23,στα δεξιά: 20 21
vals (56)
   στα αριστερά: 24 25,στα δεξιά: 5 24
value_list (57)
   στα αριστερά: 26,στα δεξιά: 24 25
values (58)
   στα αριστερά: 27 28,στα δεξιά: 26 27
value (59)
   στα αριστερά: 29 30 31 32 33 34,στα δεξιά: 27
    28
repeat (60)
   στα αριστερά: 35 36,στα δεξιά: 29 30 31
constant (61)
   στα αριστερά: 37 38 39 40,στα δεξιά: 29 30 32
    33 73
statements (62)
   στα αριστερά: 41 42,στα δεξιά: 2 41
labeled_statement (63)
   στα αριστερά: 43 44,στα δεξιά: 41 42
label (64)
   στα αριστερά: 45,στα δεξιά: 43 75 77 78 79 81
statement (65)
   στα αριστερά: 46 47,στα δεξιά: 43 44
simple_statement (66)
   στα αριστερά: 48 49 50 51 52 53 54 55,στα δεξιά:
    46 80 82
assignment (67)
   στα αριστερά: 56 57,στα δεξιά: 48
variable (68)
   στα αριστερά: 58 59 60,στα δεξιά: 56 57 58 59
    72 83 88
expressions (69)
   στα αριστερά: 61 62,στα δεξιά: 59 61
expression (70)
   στα αριστερά: 63 64 65 66 67 68 69 70 71 72 73 74,στα δεξιά:
    56 61 62 63 64 65 66 67 68 69 70 71 74 79 80 81 82 90 91 95 100
goto_statement (71)
   στα αριστερά: 75 76,στα δεξιά: 49
labels (72)
   στα αριστερά: 77 78,στα δεξιά: 76 77
if_statement (73)
   στα αριστερά: 79 80 81 82,στα δεξιά: 50
subroutine_call (74)
   στα αριστερά: 83,στα δεξιά: 51
io_statement (75)
   στα αριστερά: 84 85,στα δεξιά: 52
read_list (76)
   στα αριστερά: 86 87,στα δεξιά: 84 86 89
read_item (77)
   στα αριστερά: 88 89,στα δεξιά: 86 87
iter_space (78)
   στα αριστερά: 90,στα δεξιά: 89 96 103
step (79)
   στα αριστερά: 91 92,στα δεξιά: 90
write_list (80)
   στα αριστερά: 93 94,στα δεξιά: 85 93 96
write_item (81)
   στα αριστερά: 95 96 97,στα δεξιά: 93 94
compound_statement (82)
   στα αριστερά: 98 99,στα δεξιά: 47
branch_statement (83)
   στα αριστερά: 100,στα δεξιά: 98
tail (84)
   στα αριστερά: 101 102,στα δεξιά: 100
loop_statement (85)
   στα αριστερά: 103,στα δεξιά: 99
subprograms (86)
   στα αριστερά: 104 105,στα δεξιά: 1 104
subprogram (87)
   στα αριστερά: 106,στα δεξιά: 104
header (88)
   στα αριστερά: 107 108 109,στα δεξιά: 106
formal_parameters (89)
   στα αριστερά: 110 111,στα δεξιά: 107 108 110


Κατάσταση 0 

    0 $accept: . program "EOF"

    $default  ελάττωση με χρήση του κανόνα 6 (declarations)

    program       πήγαινε στην κατάσταση 1
    body          πήγαινε στην κατάσταση 2
    declarations  πήγαινε στην κατάσταση 3


Κατάσταση 1 

    0 $accept: program . "EOF"

    "EOF"  ολίσθηση, και μετάβαση στη κατάσταση 4


Κατάσταση 2 

    1 program: body . "end" subprograms

    "end"  ολίσθηση, και μετάβαση στη κατάσταση 5


Κατάσταση 3 

    2 body: declarations . statements
    3 declarations: declarations . type vars
    4             | declarations . "record" fields "endrec" vars
    5             | declarations . "data" vals

    error        ολίσθηση, και μετάβαση στη κατάσταση 6
    "integer"    ολίσθηση, και μετάβαση στη κατάσταση 7
    "real"       ολίσθηση, και μετάβαση στη κατάσταση 8
    "logical"    ολίσθηση, και μετάβαση στη κατάσταση 9
    "character"  ολίσθηση, και μετάβαση στη κατάσταση 10
    "record"     ολίσθηση, και μετάβαση στη κατάσταση 11
    "data"       ολίσθηση, και μετάβαση στη κατάσταση 12
    "continue"   ολίσθηση, και μετάβαση στη κατάσταση 13
    "goto"       ολίσθηση, και μετάβαση στη κατάσταση 14
    "call"       ολίσθηση, και μετάβαση στη κατάσταση 15
    "read"       ολίσθηση, και μετάβαση στη κατάσταση 16
    "write"      ολίσθηση, και μετάβαση στη κατάσταση 17
    "if"         ολίσθηση, και μετάβαση στη κατάσταση 18
    "do"         ολίσθηση, και μετάβαση στη κατάσταση 19
    "stop"       ολίσθηση, και μετάβαση στη κατάσταση 20
    "return"     ολίσθηση, και μετάβαση στη κατάσταση 21
    "id"         ολίσθηση, και μετάβαση στη κατάσταση 22
    "iconst"     ολίσθηση, και μετάβαση στη κατάσταση 23

    type                πήγαινε στην κατάσταση 24
    statements          πήγαινε στην κατάσταση 25
    labeled_statement   πήγαινε στην κατάσταση 26
    label               πήγαινε στην κατάσταση 27
    statement           πήγαινε στην κατάσταση 28
    simple_statement    πήγαινε στην κατάσταση 29
    assignment          πήγαινε στην κατάσταση 30
    variable            πήγαινε στην κατάσταση 31
    goto_statement      πήγαινε στην κατάσταση 32
    if_statement        πήγαινε στην κατάσταση 33
    subroutine_call     πήγαινε στην κατάσταση 34
    io_statement        πήγαινε στην κατάσταση 35
    compound_statement  πήγαινε στην κατάσταση 36
    branch_statement    πήγαινε στην κατάσταση 37
    loop_statement      πήγαινε στην κατάσταση 38


Κατάσταση 4 

    0 $accept: program "EOF" .

    $default  αποδοχή


Κατάσταση 5 

    1 program: body "end" . subprograms

    $default  ελάττωση με χρήση του κανόνα 105 (subprograms)

    subprograms  πήγαινε στην κατάσταση 39


Κατάσταση 6 

   81 if_statement: error . "(" expression ")" label "," label "," label
   82             | error . "(" expression ")" simple_statement

    "("  ολίσθηση, και μετάβαση στη κατάσταση 40


Κατάσταση 7 

    7 type: "integer" .

    $default  ελάττωση με χρήση του κανόνα 7 (type)


Κατάσταση 8 

    8 type: "real" .

    $default  ελάττωση με χρήση του κανόνα 8 (type)


Κατάσταση 9 

    9 type: "logical" .

    $default  ελάττωση με χρήση του κανόνα 9 (type)


Κατάσταση 10 

   10 type: "character" .

    $default  ελάττωση με χρήση του κανόνα 10 (type)


Κατάσταση 11 

    4 declarations: declarations "record" . fields "endrec" vars

    "integer"    ολίσθηση, και μετάβαση στη κατάσταση 7
    "real"       ολίσθηση, και μετάβαση στη κατάσταση 8
    "logical"    ολίσθηση, και μετάβαση στη κατάσταση 9
    "character"  ολίσθηση, και μετάβαση στη κατάσταση 10
    "record"     ολίσθηση, και μετάβαση στη κατάσταση 41

    type    πήγαινε στην κατάσταση 42
    fields  πήγαινε στην κατάσταση 43
    field   πήγαινε στην κατάσταση 44


Κατάσταση 12 

    5 declarations: declarations "data" . vals

    "id"  ολίσθηση, και μετάβαση στη κατάσταση 45

    vals  πήγαινε στην κατάσταση 46


Κατάσταση 13 

   53 simple_statement: "continue" .

    $default  ελάττωση με χρήση του κανόνα 53 (simple_statement)


Κατάσταση 14 

   75 goto_statement: "goto" . label
   76               | "goto" . "id" "," "(" labels ")"

    "id"      ολίσθηση, και μετάβαση στη κατάσταση 47
    "iconst"  ολίσθηση, και μετάβαση στη κατάσταση 23

    label  πήγαινε στην κατάσταση 48


Κατάσταση 15 

   83 subroutine_call: "call" . variable

    "id"  ολίσθηση, και μετάβαση στη κατάσταση 22

    variable  πήγαινε στην κατάσταση 49


Κατάσταση 16 

   84 io_statement: "read" . read_list

    "("   ολίσθηση, και μετάβαση στη κατάσταση 50
    "id"  ολίσθηση, και μετάβαση στη κατάσταση 22

    variable   πήγαινε στην κατάσταση 51
    read_list  πήγαινε στην κατάσταση 52
    read_item  πήγαινε στην κατάσταση 53


Κατάσταση 17 

   85 io_statement: "write" . write_list

    ".NOT"    ολίσθηση, και μετάβαση στη κατάσταση 54
    "+|-"     ολίσθηση, και μετάβαση στη κατάσταση 55
    "("       ολίσθηση, και μετάβαση στη κατάσταση 56
    "id"      ολίσθηση, και μετάβαση στη κατάσταση 22
    "iconst"  ολίσθηση, και μετάβαση στη κατάσταση 57
    "rconst"  ολίσθηση, και μετάβαση στη κατάσταση 58
    "cconst"  ολίσθηση, και μετάβαση στη κατάσταση 59
    "lconst"  ολίσθηση, και μετάβαση στη κατάσταση 60
    "string"  ολίσθηση, και μετάβαση στη κατάσταση 61

    constant    πήγαινε στην κατάσταση 62
    variable    πήγαινε στην κατάσταση 63
    expression  πήγαινε στην κατάσταση 64
    write_list  πήγαινε στην κατάσταση 65
    write_item  πήγαινε στην κατάσταση 66


Κατάσταση 18 

   79 if_statement: "if" . "(" expression ")" label "," label "," label
   80             | "if" . "(" expression ")" simple_statement
  100 branch_statement: "if" . "(" expression "then" body tail

    "("  ολίσθηση, και μετάβαση στη κατάσταση 67


Κατάσταση 19 

  103 loop_statement: "do" . "id" "=" iter_space body "enddo"

    "id"  ολίσθηση, και μετάβαση στη κατάσταση 68


Κατάσταση 20 

   55 simple_statement: "stop" .

    $default  ελάττωση με χρήση του κανόνα 55 (simple_statement)


Κατάσταση 21 

   54 simple_statement: "return" .

    $default  ελάττωση με χρήση του κανόνα 54 (simple_statement)


Κατάσταση 22 

   60 variable: "id" .

    $default  ελάττωση με χρήση του κανόνα 60 (variable)


Κατάσταση 23 

   45 label: "iconst" .

    $default  ελάττωση με χρήση του κανόνα 45 (label)


Κατάσταση 24 

    3 declarations: declarations type . vars

    "id"  ολίσθηση, και μετάβαση στη κατάσταση 69

    vars            πήγαινε στην κατάσταση 70
    undef_variable  πήγαινε στην κατάσταση 71


Κατάσταση 25 

    2 body: declarations statements .
   41 statements: statements . labeled_statement

    error       ολίσθηση, και μετάβαση στη κατάσταση 6
    "continue"  ολίσθηση, και μετάβαση στη κατάσταση 13
    "goto"      ολίσθηση, και μετάβαση στη κατάσταση 14
    "call"      ολίσθηση, και μετάβαση στη κατάσταση 15
    "read"      ολίσθηση, και μετάβαση στη κατάσταση 16
    "write"     ολίσθηση, και μετάβαση στη κατάσταση 17
    "if"        ολίσθηση, και μετάβαση στη κατάσταση 18
    "do"        ολίσθηση, και μετάβαση στη κατάσταση 19
    "stop"      ολίσθηση, και μετάβαση στη κατάσταση 20
    "return"    ολίσθηση, και μετάβαση στη κατάσταση 21
    "id"        ολίσθηση, και μετάβαση στη κατάσταση 22
    "iconst"    ολίσθηση, και μετάβαση στη κατάσταση 23

    "end"    ελάττωση με χρήση του κανόνα 2 (body)
    "else"   ελάττωση με χρήση του κανόνα 2 (body)
    "endif"  ελάττωση με χρήση του κανόνα 2 (body)
    "enddo"  ελάττωση με χρήση του κανόνα 2 (body)

    labeled_statement   πήγαινε στην κατάσταση 72
    label               πήγαινε στην κατάσταση 27
    statement           πήγαινε στην κατάσταση 28
    simple_statement    πήγαινε στην κατάσταση 29
    assignment          πήγαινε στην κατάσταση 30
    variable            πήγαινε στην κατάσταση 31
    goto_statement      πήγαινε στην κατάσταση 32
    if_statement        πήγαινε στην κατάσταση 33
    subroutine_call     πήγαινε στην κατάσταση 34
    io_statement        πήγαινε στην κατάσταση 35
    compound_statement  πήγαινε στην κατάσταση 36
    branch_statement    πήγαινε στην κατάσταση 37
    loop_statement      πήγαινε στην κατάσταση 38


Κατάσταση 26 

   42 statements: labeled_statement .

    $default  ελάττωση με χρήση του κανόνα 42 (statements)


Κατάσταση 27 

   43 labeled_statement: label . statement

    error       ολίσθηση, και μετάβαση στη κατάσταση 6
    "continue"  ολίσθηση, και μετάβαση στη κατάσταση 13
    "goto"      ολίσθηση, και μετάβαση στη κατάσταση 14
    "call"      ολίσθηση, και μετάβαση στη κατάσταση 15
    "read"      ολίσθηση, και μετάβαση στη κατάσταση 16
    "write"     ολίσθηση, και μετάβαση στη κατάσταση 17
    "if"        ολίσθηση, και μετάβαση στη κατάσταση 18
    "do"        ολίσθηση, και μετάβαση στη κατάσταση 19
    "stop"      ολίσθηση, και μετάβαση στη κατάσταση 20
    "return"    ολίσθηση, και μετάβαση στη κατάσταση 21
    "id"        ολίσθηση, και μετάβαση στη κατάσταση 22

    statement           πήγαινε στην κατάσταση 73
    simple_statement    πήγαινε στην κατάσταση 29
    assignment          πήγαινε στην κατάσταση 30
    variable            πήγαινε στην κατάσταση 31
    goto_statement      πήγαινε στην κατάσταση 32
    if_statement        πήγαινε στην κατάσταση 33
    subroutine_call     πήγαινε στην κατάσταση 34
    io_statement        πήγαινε στην κατάσταση 35
    compound_statement  πήγαινε στην κατάσταση 36
    branch_statement    πήγαινε στην κατάσταση 37
    loop_statement      πήγαινε στην κατάσταση 38


Κατάσταση 28 

   44 labeled_statement: statement .

    $default  ελάττωση με χρήση του κανόνα 44 (labeled_statement)


Κατάσταση 29 

   46 statement: simple_statement .

    $default  ελάττωση με χρήση του κανόνα 46 (statement)


Κατάσταση 30 

   48 simple_statement: assignment .

    $default  ελάττωση με χρήση του κανόνα 48 (simple_statement)


Κατάσταση 31 

   56 assignment: variable . "=" expression
   57           | variable . "=" "string"
   58 variable: variable . ":" "id"
   59         | variable . "(" expressions ")"

    "("  ολίσθηση, και μετάβαση στη κατάσταση 74
    "="  ολίσθηση, και μετάβαση στη κατάσταση 75
    ":"  ολίσθηση, και μετάβαση στη κατάσταση 76


Κατάσταση 32 

   49 simple_statement: goto_statement .

    $default  ελάττωση με χρήση του κανόνα 49 (simple_statement)


Κατάσταση 33 

   50 simple_statement: if_statement .

    $default  ελάττωση με χρήση του κανόνα 50 (simple_statement)


Κατάσταση 34 

   51 simple_statement: subroutine_call .

    $default  ελάττωση με χρήση του κανόνα 51 (simple_statement)


Κατάσταση 35 

   52 simple_statement: io_statement .

    $default  ελάττωση με χρήση του κανόνα 52 (simple_statement)


Κατάσταση 36 

   47 statement: compound_statement .

    $default  ελάττωση με χρήση του κανόνα 47 (statement)


Κατάσταση 37 

   98 compound_statement: branch_statement .

    $default  ελάττωση με χρήση του κανόνα 98 (compound_statement)


Κατάσταση 38 

   99 compound_statement: loop_statement .

    $default  ελάττωση με χρήση του κανόνα 99 (compound_statement)


Κατάσταση 39 

    1 program: body "end" subprograms .
  104 subprograms: subprograms . subprogram

    "subroutine"  ολίσθηση, και μετάβαση στη κατάσταση 77
    "integer"     ολίσθηση, και μετάβαση στη κατάσταση 7
    "real"        ολίσθηση, και μετάβαση στη κατάσταση 8
    "logical"     ολίσθηση, και μετάβαση στη κατάσταση 9
    "character"   ολίσθηση, και μετάβαση στη κατάσταση 10

    $default  ελάττωση με χρήση του κανόνα 1 (program)

    type        πήγαινε στην κατάσταση 78
    subprogram  πήγαινε στην κατάσταση 79
    header      πήγαινε στην κατάσταση 80


Κατάσταση 40 

   81 if_statement: error "(" . expression ")" label "," label "," label
   82             | error "(" . expression ")" simple_statement

    ".NOT"    ολίσθηση, και μετάβαση στη κατάσταση 54
    "+|-"     ολίσθηση, και μετάβαση στη κατάσταση 55
    "("       ολίσθηση, και μετάβαση στη κατάσταση 81
    "id"      ολίσθηση, και μετάβαση στη κατάσταση 22
    "iconst"  ολίσθηση, και μετάβαση στη κατάσταση 57
    "rconst"  ολίσθηση, και μετάβαση στη κατάσταση 58
    "cconst"  ολίσθηση, και μετάβαση στη κατάσταση 59
    "lconst"  ολίσθηση, και μετάβαση στη κατάσταση 60

    constant    πήγαινε στην κατάσταση 62
    variable    πήγαινε στην κατάσταση 63
    expression  πήγαινε στην κατάσταση 82


Κατάσταση 41 

   23 field: "record" . fields "endrec" vars

    "integer"    ολίσθηση, και μετάβαση στη κατάσταση 7
    "real"       ολίσθηση, και μετάβαση στη κατάσταση 8
    "logical"    ολίσθηση, και μετάβαση στη κατάσταση 9
    "character"  ολίσθηση, και μετάβαση στη κατάσταση 10
    "record"     ολίσθηση, και μετάβαση στη κατάσταση 41

    type    πήγαινε στην κατάσταση 42
    fields  πήγαινε στην κατάσταση 83
    field   πήγαινε στην κατάσταση 44


Κατάσταση 42 

   22 field: type . vars

    "id"  ολίσθηση, και μετάβαση στη κατάσταση 69

    vars            πήγαινε στην κατάσταση 84
    undef_variable  πήγαινε στην κατάσταση 71


Κατάσταση 43 

    4 declarations: declarations "record" fields . "endrec" vars
   20 fields: fields . field

    "integer"    ολίσθηση, και μετάβαση στη κατάσταση 7
    "real"       ολίσθηση, και μετάβαση στη κατάσταση 8
    "logical"    ολίσθηση, και μετάβαση στη κατάσταση 9
    "character"  ολίσθηση, και μετάβαση στη κατάσταση 10
    "record"     ολίσθηση, και μετάβαση στη κατάσταση 41
    "endrec"     ολίσθηση, και μετάβαση στη κατάσταση 85

    type   πήγαινε στην κατάσταση 42
    field  πήγαινε στην κατάσταση 86


Κατάσταση 44 

   21 fields: field .

    $default  ελάττωση με χρήση του κανόνα 21 (fields)


Κατάσταση 45 

   25 vals: "id" . value_list

    "/"  ολίσθηση, και μετάβαση στη κατάσταση 87

    value_list  πήγαινε στην κατάσταση 88


Κατάσταση 46 

    5 declarations: declarations "data" vals .
   24 vals: vals . "," "id" value_list

    ","  ολίσθηση, και μετάβαση στη κατάσταση 89

    $default  ελάττωση με χρήση του κανόνα 5 (declarations)


Κατάσταση 47 

   76 goto_statement: "goto" "id" . "," "(" labels ")"

    ","  ολίσθηση, και μετάβαση στη κατάσταση 90


Κατάσταση 48 

   75 goto_statement: "goto" label .

    $default  ελάττωση με χρήση του κανόνα 75 (goto_statement)


Κατάσταση 49 

   58 variable: variable . ":" "id"
   59         | variable . "(" expressions ")"
   83 subroutine_call: "call" variable .

    "("  ολίσθηση, και μετάβαση στη κατάσταση 74
    ":"  ολίσθηση, και μετάβαση στη κατάσταση 76

    $default  ελάττωση με χρήση του κανόνα 83 (subroutine_call)


Κατάσταση 50 

   89 read_item: "(" . read_list "," "id" "=" iter_space ")"

    "("   ολίσθηση, και μετάβαση στη κατάσταση 50
    "id"  ολίσθηση, και μετάβαση στη κατάσταση 22

    variable   πήγαινε στην κατάσταση 51
    read_list  πήγαινε στην κατάσταση 91
    read_item  πήγαινε στην κατάσταση 53


Κατάσταση 51 

   58 variable: variable . ":" "id"
   59         | variable . "(" expressions ")"
   88 read_item: variable .

    "("  ολίσθηση, και μετάβαση στη κατάσταση 74
    ":"  ολίσθηση, και μετάβαση στη κατάσταση 76

    $default  ελάττωση με χρήση του κανόνα 88 (read_item)


Κατάσταση 52 

   84 io_statement: "read" read_list .
   86 read_list: read_list . "," read_item

    ","  ολίσθηση, και μετάβαση στη κατάσταση 92

    $default  ελάττωση με χρήση του κανόνα 84 (io_statement)


Κατάσταση 53 

   87 read_list: read_item .

    $default  ελάττωση με χρήση του κανόνα 87 (read_list)


Κατάσταση 54 

   70 expression: ".NOT" . expression

    ".NOT"    ολίσθηση, και μετάβαση στη κατάσταση 54
    "+|-"     ολίσθηση, και μετάβαση στη κατάσταση 55
    "("       ολίσθηση, και μετάβαση στη κατάσταση 81
    "id"      ολίσθηση, και μετάβαση στη κατάσταση 22
    "iconst"  ολίσθηση, και μετάβαση στη κατάσταση 57
    "rconst"  ολίσθηση, και μετάβαση στη κατάσταση 58
    "cconst"  ολίσθηση, και μετάβαση στη κατάσταση 59
    "lconst"  ολίσθηση, και μετάβαση στη κατάσταση 60

    constant    πήγαινε στην κατάσταση 62
    variable    πήγαινε στην κατάσταση 63
    expression  πήγαινε στην κατάσταση 93


Κατάσταση 55 

   71 expression: "+|-" . expression

    ".NOT"    ολίσθηση, και μετάβαση στη κατάσταση 54
    "+|-"     ολίσθηση, και μετάβαση στη κατάσταση 55
    "("       ολίσθηση, και μετάβαση στη κατάσταση 81
    "id"      ολίσθηση, και μετάβαση στη κατάσταση 22
    "iconst"  ολίσθηση, και μετάβαση στη κατάσταση 57
    "rconst"  ολίσθηση, και μετάβαση στη κατάσταση 58
    "cconst"  ολίσθηση, και μετάβαση στη κατάσταση 59
    "lconst"  ολίσθηση, και μετάβαση στη κατάσταση 60

    constant    πήγαινε στην κατάσταση 62
    variable    πήγαινε στην κατάσταση 63
    expression  πήγαινε στην κατάσταση 94


Κατάσταση 56 

   74 expression: "(" . expression ")"
   96 write_item: "(" . write_list "," "id" "=" iter_space ")"

    ".NOT"    ολίσθηση, και μετάβαση στη κατάσταση 54
    "+|-"     ολίσθηση, και μετάβαση στη κατάσταση 55
    "("       ολίσθηση, και μετάβαση στη κατάσταση 56
    "id"      ολίσθηση, και μετάβαση στη κατάσταση 22
    "iconst"  ολίσθηση, και μετάβαση στη κατάσταση 57
    "rconst"  ολίσθηση, και μετάβαση στη κατάσταση 58
    "cconst"  ολίσθηση, και μετάβαση στη κατάσταση 59
    "lconst"  ολίσθηση, και μετάβαση στη κατάσταση 60
    "string"  ολίσθηση, και μετάβαση στη κατάσταση 61

    constant    πήγαινε στην κατάσταση 62
    variable    πήγαινε στην κατάσταση 63
    expression  πήγαινε στην κατάσταση 95
    write_list  πήγαινε στην κατάσταση 96
    write_item  πήγαινε στην κατάσταση 66


Κατάσταση 57 

   37 constant: "iconst" .

    $default  ελάττωση με χρήση του κανόνα 37 (constant)


Κατάσταση 58 

   38 constant: "rconst" .

    $default  ελάττωση με χρήση του κανόνα 38 (constant)


Κατάσταση 59 

   40 constant: "cconst" .

    $default  ελάττωση με χρήση του κανόνα 40 (constant)


Κατάσταση 60 

   39 constant: "lconst" .

    $default  ελάττωση με χρήση του κανόνα 39 (constant)


Κατάσταση 61 

   97 write_item: "string" .

    $default  ελάττωση με χρήση του κανόνα 97 (write_item)


Κατάσταση 62 

   73 expression: constant .

    $default  ελάττωση με χρήση του κανόνα 73 (expression)


Κατάσταση 63 

   58 variable: variable . ":" "id"
   59         | variable . "(" expressions ")"
   72 expression: variable .

    "("  ολίσθηση, και μετάβαση στη κατάσταση 74
    ":"  ολίσθηση, και μετάβαση στη κατάσταση 76

    $default  ελάττωση με χρήση του κανόνα 72 (expression)


Κατάσταση 64 

   63 expression: expression . ".OR." expression
   64           | expression . ".AND." expression
   65           | expression . ".GT. | .GE. | .LT. | .LE. | .EQ. | .NE." expression
   66           | expression . "+|-" expression
   67           | expression . "*" expression
   68           | expression . "/" expression
   69           | expression . "**" expression
   95 write_item: expression .

    ".OR."                                     ολίσθηση, και μετάβαση στη κατάσταση 97
    ".AND."                                    ολίσθηση, και μετάβαση στη κατάσταση 98
    ".GT. | .GE. | .LT. | .LE. | .EQ. | .NE."  ολίσθηση, και μετάβαση στη κατάσταση 99
    "+|-"                                      ολίσθηση, και μετάβαση στη κατάσταση 100
    "*"                                        ολίσθηση, και μετάβαση στη κατάσταση 101
    "/"                                        ολίσθηση, και μετάβαση στη κατάσταση 102
    "**"                                       ολίσθηση, και μετάβαση στη κατάσταση 103

    $default  ελάττωση με χρήση του κανόνα 95 (write_item)


Κατάσταση 65 

   85 io_statement: "write" write_list .
   93 write_list: write_list . "," write_item

    ","  ολίσθηση, και μετάβαση στη κατάσταση 104

    $default  ελάττωση με χρήση του κανόνα 85 (io_statement)


Κατάσταση 66 

   94 write_list: write_item .

    $default  ελάττωση με χρήση του κανόνα 94 (write_list)


Κατάσταση 67 

   79 if_statement: "if" "(" . expression ")" label "," label "," label
   80             | "if" "(" . expression ")" simple_statement
  100 branch_statement: "if" "(" . expression "then" body tail

    ".NOT"    ολίσθηση, και μετάβαση στη κατάσταση 54
    "+|-"     ολίσθηση, και μετάβαση στη κατάσταση 55
    "("       ολίσθηση, και μετάβαση στη κατάσταση 81
    "id"      ολίσθηση, και μετάβαση στη κατάσταση 22
    "iconst"  ολίσθηση, και μετάβαση στη κατάσταση 57
    "rconst"  ολίσθηση, και μετάβαση στη κατάσταση 58
    "cconst"  ολίσθηση, και μετάβαση στη κατάσταση 59
    "lconst"  ολίσθηση, και μετάβαση στη κατάσταση 60

    constant    πήγαινε στην κατάσταση 62
    variable    πήγαινε στην κατάσταση 63
    expression  πήγαινε στην κατάσταση 105


Κατάσταση 68 

  103 loop_statement: "do" "id" . "=" iter_space body "enddo"

    "="  ολίσθηση, και μετάβαση στη κατάσταση 106


Κατάσταση 69 

   14 undef_variable: "id" . "(" dims ")"
   15               | "id" .

    "("  ολίσθηση, και μετάβαση στη κατάσταση 107

    $default  ελάττωση με χρήση του κανόνα 15 (undef_variable)


Κατάσταση 70 

    3 declarations: declarations type vars .
   11 vars: vars . "," undef_variable
   12     | vars . "," error

    ","  ολίσθηση, και μετάβαση στη κατάσταση 108

    $default  ελάττωση με χρήση του κανόνα 3 (declarations)


Κατάσταση 71 

   13 vars: undef_variable .

    $default  ελάττωση με χρήση του κανόνα 13 (vars)


Κατάσταση 72 

   41 statements: statements labeled_statement .

    $default  ελάττωση με χρήση του κανόνα 41 (statements)


Κατάσταση 73 

   43 labeled_statement: label statement .

    $default  ελάττωση με χρήση του κανόνα 43 (labeled_statement)


Κατάσταση 74 

   59 variable: variable "(" . expressions ")"

    ".NOT"    ολίσθηση, και μετάβαση στη κατάσταση 54
    "+|-"     ολίσθηση, και μετάβαση στη κατάσταση 55
    "("       ολίσθηση, και μετάβαση στη κατάσταση 81
    "id"      ολίσθηση, και μετάβαση στη κατάσταση 22
    "iconst"  ολίσθηση, και μετάβαση στη κατάσταση 57
    "rconst"  ολίσθηση, και μετάβαση στη κατάσταση 58
    "cconst"  ολίσθηση, και μετάβαση στη κατάσταση 59
    "lconst"  ολίσθηση, και μετάβαση στη κατάσταση 60

    constant     πήγαινε στην κατάσταση 62
    variable     πήγαινε στην κατάσταση 63
    expressions  πήγαινε στην κατάσταση 109
    expression   πήγαινε στην κατάσταση 110


Κατάσταση 75 

   56 assignment: variable "=" . expression
   57           | variable "=" . "string"

    ".NOT"    ολίσθηση, και μετάβαση στη κατάσταση 54
    "+|-"     ολίσθηση, και μετάβαση στη κατάσταση 55
    "("       ολίσθηση, και μετάβαση στη κατάσταση 81
    "id"      ολίσθηση, και μετάβαση στη κατάσταση 22
    "iconst"  ολίσθηση, και μετάβαση στη κατάσταση 57
    "rconst"  ολίσθηση, και μετάβαση στη κατάσταση 58
    "cconst"  ολίσθηση, και μετάβαση στη κατάσταση 59
    "lconst"  ολίσθηση, και μετάβαση στη κατάσταση 60
    "string"  ολίσθηση, και μετάβαση στη κατάσταση 111

    constant    πήγαινε στην κατάσταση 62
    variable    πήγαινε στην κατάσταση 63
    expression  πήγαινε στην κατάσταση 112


Κατάσταση 76 

   58 variable: variable ":" . "id"

    "id"  ολίσθηση, και μετάβαση στη κατάσταση 113


Κατάσταση 77 

  108 header: "subroutine" . "id" "(" formal_parameters ")"
  109       | "subroutine" . "id"

    "id"  ολίσθηση, και μετάβαση στη κατάσταση 114


Κατάσταση 78 

  107 header: type . "function" "id" "(" formal_parameters ")"

    "function"  ολίσθηση, και μετάβαση στη κατάσταση 115


Κατάσταση 79 

  104 subprograms: subprograms subprogram .

    $default  ελάττωση με χρήση του κανόνα 104 (subprograms)


Κατάσταση 80 

  106 subprogram: header . body "end"

    $default  ελάττωση με χρήση του κανόνα 6 (declarations)

    body          πήγαινε στην κατάσταση 116
    declarations  πήγαινε στην κατάσταση 3


Κατάσταση 81 

   74 expression: "(" . expression ")"

    ".NOT"    ολίσθηση, και μετάβαση στη κατάσταση 54
    "+|-"     ολίσθηση, και μετάβαση στη κατάσταση 55
    "("       ολίσθηση, και μετάβαση στη κατάσταση 81
    "id"      ολίσθηση, και μετάβαση στη κατάσταση 22
    "iconst"  ολίσθηση, και μετάβαση στη κατάσταση 57
    "rconst"  ολίσθηση, και μετάβαση στη κατάσταση 58
    "cconst"  ολίσθηση, και μετάβαση στη κατάσταση 59
    "lconst"  ολίσθηση, και μετάβαση στη κατάσταση 60

    constant    πήγαινε στην κατάσταση 62
    variable    πήγαινε στην κατάσταση 63
    expression  πήγαινε στην κατάσταση 117


Κατάσταση 82 

   63 expression: expression . ".OR." expression
   64           | expression . ".AND." expression
   65           | expression . ".GT. | .GE. | .LT. | .LE. | .EQ. | .NE." expression
   66           | expression . "+|-" expression
   67           | expression . "*" expression
   68           | expression . "/" expression
   69           | expression . "**" expression
   81 if_statement: error "(" expression . ")" label "," label "," label
   82             | error "(" expression . ")" simple_statement

    ".OR."                                     ολίσθηση, και μετάβαση στη κατάσταση 97
    ".AND."                                    ολίσθηση, και μετάβαση στη κατάσταση 98
    ".GT. | .GE. | .LT. | .LE. | .EQ. | .NE."  ολίσθηση, και μετάβαση στη κατάσταση 99
    "+|-"                                      ολίσθηση, και μετάβαση στη κατάσταση 100
    "*"                                        ολίσθηση, και μετάβαση στη κατάσταση 101
    "/"                                        ολίσθηση, και μετάβαση στη κατάσταση 102
    "**"                                       ολίσθηση, και μετάβαση στη κατάσταση 103
    ")"                                        ολίσθηση, και μετάβαση στη κατάσταση 118


Κατάσταση 83 

   20 fields: fields . field
   23 field: "record" fields . "endrec" vars

    "integer"    ολίσθηση, και μετάβαση στη κατάσταση 7
    "real"       ολίσθηση, και μετάβαση στη κατάσταση 8
    "logical"    ολίσθηση, και μετάβαση στη κατάσταση 9
    "character"  ολίσθηση, και μετάβαση στη κατάσταση 10
    "record"     ολίσθηση, και μετάβαση στη κατάσταση 41
    "endrec"     ολίσθηση, και μετάβαση στη κατάσταση 119

    type   πήγαινε στην κατάσταση 42
    field  πήγαινε στην κατάσταση 86


Κατάσταση 84 

   11 vars: vars . "," undef_variable
   12     | vars . "," error
   22 field: type vars .

    ","  ολίσθηση, και μετάβαση στη κατάσταση 108

    $default  ελάττωση με χρήση του κανόνα 22 (field)


Κατάσταση 85 

    4 declarations: declarations "record" fields "endrec" . vars

    "id"  ολίσθηση, και μετάβαση στη κατάσταση 69

    vars            πήγαινε στην κατάσταση 120
    undef_variable  πήγαινε στην κατάσταση 71


Κατάσταση 86 

   20 fields: fields field .

    $default  ελάττωση με χρήση του κανόνα 20 (fields)


Κατάσταση 87 

   26 value_list: "/" . values "/"

    "+|-"     ολίσθηση, και μετάβαση στη κατάσταση 121
    "iconst"  ολίσθηση, και μετάβαση στη κατάσταση 122
    "rconst"  ολίσθηση, και μετάβαση στη κατάσταση 58
    "cconst"  ολίσθηση, και μετάβαση στη κατάσταση 59
    "lconst"  ολίσθηση, και μετάβαση στη κατάσταση 60
    "string"  ολίσθηση, και μετάβαση στη κατάσταση 123

    $default  ελάττωση με χρήση του κανόνα 36 (repeat)

    values    πήγαινε στην κατάσταση 124
    value     πήγαινε στην κατάσταση 125
    repeat    πήγαινε στην κατάσταση 126
    constant  πήγαινε στην κατάσταση 127


Κατάσταση 88 

   25 vals: "id" value_list .

    $default  ελάττωση με χρήση του κανόνα 25 (vals)


Κατάσταση 89 

   24 vals: vals "," . "id" value_list

    "id"  ολίσθηση, και μετάβαση στη κατάσταση 128


Κατάσταση 90 

   76 goto_statement: "goto" "id" "," . "(" labels ")"

    "("  ολίσθηση, και μετάβαση στη κατάσταση 129


Κατάσταση 91 

   86 read_list: read_list . "," read_item
   89 read_item: "(" read_list . "," "id" "=" iter_space ")"

    ","  ολίσθηση, και μετάβαση στη κατάσταση 130


Κατάσταση 92 

   86 read_list: read_list "," . read_item

    "("   ολίσθηση, και μετάβαση στη κατάσταση 50
    "id"  ολίσθηση, και μετάβαση στη κατάσταση 22

    variable   πήγαινε στην κατάσταση 51
    read_item  πήγαινε στην κατάσταση 131


Κατάσταση 93 

   63 expression: expression . ".OR." expression
   64           | expression . ".AND." expression
   65           | expression . ".GT. | .GE. | .LT. | .LE. | .EQ. | .NE." expression
   66           | expression . "+|-" expression
   67           | expression . "*" expression
   68           | expression . "/" expression
   69           | expression . "**" expression
   70           | ".NOT" expression .

    ".OR."                                     ολίσθηση, και μετάβαση στη κατάσταση 97
    ".AND."                                    ολίσθηση, και μετάβαση στη κατάσταση 98
    ".GT. | .GE. | .LT. | .LE. | .EQ. | .NE."  ολίσθηση, και μετάβαση στη κατάσταση 99
    "+|-"                                      ολίσθηση, και μετάβαση στη κατάσταση 100
    "*"                                        ολίσθηση, και μετάβαση στη κατάσταση 101
    "/"                                        ολίσθηση, και μετάβαση στη κατάσταση 102
    "**"                                       ολίσθηση, και μετάβαση στη κατάσταση 103

    $default  ελάττωση με χρήση του κανόνα 70 (expression)


Κατάσταση 94 

   63 expression: expression . ".OR." expression
   64           | expression . ".AND." expression
   65           | expression . ".GT. | .GE. | .LT. | .LE. | .EQ. | .NE." expression
   66           | expression . "+|-" expression
   67           | expression . "*" expression
   68           | expression . "/" expression
   69           | expression . "**" expression
   71           | "+|-" expression .

    ".OR."                                     ολίσθηση, και μετάβαση στη κατάσταση 97
    ".AND."                                    ολίσθηση, και μετάβαση στη κατάσταση 98
    ".GT. | .GE. | .LT. | .LE. | .EQ. | .NE."  ολίσθηση, και μετάβαση στη κατάσταση 99

    $default  ελάττωση με χρήση του κανόνα 71 (expression)


Κατάσταση 95 

   63 expression: expression . ".OR." expression
   64           | expression . ".AND." expression
   65           | expression . ".GT. | .GE. | .LT. | .LE. | .EQ. | .NE." expression
   66           | expression . "+|-" expression
   67           | expression . "*" expression
   68           | expression . "/" expression
   69           | expression . "**" expression
   74           | "(" expression . ")"
   95 write_item: expression .

    ".OR."                                     ολίσθηση, και μετάβαση στη κατάσταση 97
    ".AND."                                    ολίσθηση, και μετάβαση στη κατάσταση 98
    ".GT. | .GE. | .LT. | .LE. | .EQ. | .NE."  ολίσθηση, και μετάβαση στη κατάσταση 99
    "+|-"                                      ολίσθηση, και μετάβαση στη κατάσταση 100
    "*"                                        ολίσθηση, και μετάβαση στη κατάσταση 101
    "/"                                        ολίσθηση, και μετάβαση στη κατάσταση 102
    "**"                                       ολίσθηση, και μετάβαση στη κατάσταση 103
    ")"                                        ολίσθηση, και μετάβαση στη κατάσταση 132

    $default  ελάττωση με χρήση του κανόνα 95 (write_item)


Κατάσταση 96 

   93 write_list: write_list . "," write_item
   96 write_item: "(" write_list . "," "id" "=" iter_space ")"

    ","  ολίσθηση, και μετάβαση στη κατάσταση 133


Κατάσταση 97 

   63 expression: expression ".OR." . expression

    ".NOT"    ολίσθηση, και μετάβαση στη κατάσταση 54
    "+|-"     ολίσθηση, και μετάβαση στη κατάσταση 55
    "("       ολίσθηση, και μετάβαση στη κατάσταση 81
    "id"      ολίσθηση, και μετάβαση στη κατάσταση 22
    "iconst"  ολίσθηση, και μετάβαση στη κατάσταση 57
    "rconst"  ολίσθηση, και μετάβαση στη κατάσταση 58
    "cconst"  ολίσθηση, και μετάβαση στη κατάσταση 59
    "lconst"  ολίσθηση, και μετάβαση στη κατάσταση 60

    constant    πήγαινε στην κατάσταση 62
    variable    πήγαινε στην κατάσταση 63
    expression  πήγαινε στην κατάσταση 134


Κατάσταση 98 

   64 expression: expression ".AND." . expression

    ".NOT"    ολίσθηση, και μετάβαση στη κατάσταση 54
    "+|-"     ολίσθηση, και μετάβαση στη κατάσταση 55
    "("       ολίσθηση, και μετάβαση στη κατάσταση 81
    "id"      ολίσθηση, και μετάβαση στη κατάσταση 22
    "iconst"  ολίσθηση, και μετάβαση στη κατάσταση 57
    "rconst"  ολίσθηση, και μετάβαση στη κατάσταση 58
    "cconst"  ολίσθηση, και μετάβαση στη κατάσταση 59
    "lconst"  ολίσθηση, και μετάβαση στη κατάσταση 60

    constant    πήγαινε στην κατάσταση 62
    variable    πήγαινε στην κατάσταση 63
    expression  πήγαινε στην κατάσταση 135


Κατάσταση 99 

   65 expression: expression ".GT. | .GE. | .LT. | .LE. | .EQ. | .NE." . expression

    ".NOT"    ολίσθηση, και μετάβαση στη κατάσταση 54
    "+|-"     ολίσθηση, και μετάβαση στη κατάσταση 55
    "("       ολίσθηση, και μετάβαση στη κατάσταση 81
    "id"      ολίσθηση, και μετάβαση στη κατάσταση 22
    "iconst"  ολίσθηση, και μετάβαση στη κατάσταση 57
    "rconst"  ολίσθηση, και μετάβαση στη κατάσταση 58
    "cconst"  ολίσθηση, και μετάβαση στη κατάσταση 59
    "lconst"  ολίσθηση, και μετάβαση στη κατάσταση 60

    constant    πήγαινε στην κατάσταση 62
    variable    πήγαινε στην κατάσταση 63
    expression  πήγαινε στην κατάσταση 136


Κατάσταση 100 

   66 expression: expression "+|-" . expression

    ".NOT"    ολίσθηση, και μετάβαση στη κατάσταση 54
    "+|-"     ολίσθηση, και μετάβαση στη κατάσταση 55
    "("       ολίσθηση, και μετάβαση στη κατάσταση 81
    "id"      ολίσθηση, και μετάβαση στη κατάσταση 22
    "iconst"  ολίσθηση, και μετάβαση στη κατάσταση 57
    "rconst"  ολίσθηση, και μετάβαση στη κατάσταση 58
    "cconst"  ολίσθηση, και μετάβαση στη κατάσταση 59
    "lconst"  ολίσθηση, και μετάβαση στη κατάσταση 60

    constant    πήγαινε στην κατάσταση 62
    variable    πήγαινε στην κατάσταση 63
    expression  πήγαινε στην κατάσταση 137


Κατάσταση 101 

   67 expression: expression "*" . expression

    ".NOT"    ολίσθηση, και μετάβαση στη κατάσταση 54
    "+|-"     ολίσθηση, και μετάβαση στη κατάσταση 55
    "("       ολίσθηση, και μετάβαση στη κατάσταση 81
    "id"      ολίσθηση, και μετάβαση στη κατάσταση 22
    "iconst"  ολίσθηση, και μετάβαση στη κατάσταση 57
    "rconst"  ολίσθηση, και μετάβαση στη κατάσταση 58
    "cconst"  ολίσθηση, και μετάβαση στη κατάσταση 59
    "lconst"  ολίσθηση, και μετάβαση στη κατάσταση 60

    constant    πήγαινε στην κατάσταση 62
    variable    πήγαινε στην κατάσταση 63
    expression  πήγαινε στην κατάσταση 138


Κατάσταση 102 

   68 expression: expression "/" . expression

    ".NOT"    ολίσθηση, και μετάβαση στη κατάσταση 54
    "+|-"     ολίσθηση, και μετάβαση στη κατάσταση 55
    "("       ολίσθηση, και μετάβαση στη κατάσταση 81
    "id"      ολίσθηση, και μετάβαση στη κατάσταση 22
    "iconst"  ολίσθηση, και μετάβαση στη κατάσταση 57
    "rconst"  ολίσθηση, και μετάβαση στη κατάσταση 58
    "cconst"  ολίσθηση, και μετάβαση στη κατάσταση 59
    "lconst"  ολίσθηση, και μετάβαση στη κατάσταση 60

    constant    πήγαινε στην κατάσταση 62
    variable    πήγαινε στην κατάσταση 63
    expression  πήγαινε στην κατάσταση 139


Κατάσταση 103 

   69 expression: expression "**" . expression

    ".NOT"    ολίσθηση, και μετάβαση στη κατάσταση 54
    "+|-"     ολίσθηση, και μετάβαση στη κατάσταση 55
    "("       ολίσθηση, και μετάβαση στη κατάσταση 81
    "id"      ολίσθηση, και μετάβαση στη κατάσταση 22
    "iconst"  ολίσθηση, και μετάβαση στη κατάσταση 57
    "rconst"  ολίσθηση, και μετάβαση στη κατάσταση 58
    "cconst"  ολίσθηση, και μετάβαση στη κατάσταση 59
    "lconst"  ολίσθηση, και μετάβαση στη κατάσταση 60

    constant    πήγαινε στην κατάσταση 62
    variable    πήγαινε στην κατάσταση 63
    expression  πήγαινε στην κατάσταση 140


Κατάσταση 104 

   93 write_list: write_list "," . write_item

    ".NOT"    ολίσθηση, και μετάβαση στη κατάσταση 54
    "+|-"     ολίσθηση, και μετάβαση στη κατάσταση 55
    "("       ολίσθηση, και μετάβαση στη κατάσταση 56
    "id"      ολίσθηση, και μετάβαση στη κατάσταση 22
    "iconst"  ολίσθηση, και μετάβαση στη κατάσταση 57
    "rconst"  ολίσθηση, και μετάβαση στη κατάσταση 58
    "cconst"  ολίσθηση, και μετάβαση στη κατάσταση 59
    "lconst"  ολίσθηση, και μετάβαση στη κατάσταση 60
    "string"  ολίσθηση, και μετάβαση στη κατάσταση 61

    constant    πήγαινε στην κατάσταση 62
    variable    πήγαινε στην κατάσταση 63
    expression  πήγαινε στην κατάσταση 64
    write_item  πήγαινε στην κατάσταση 141


Κατάσταση 105 

   63 expression: expression . ".OR." expression
   64           | expression . ".AND." expression
   65           | expression . ".GT. | .GE. | .LT. | .LE. | .EQ. | .NE." expression
   66           | expression . "+|-" expression
   67           | expression . "*" expression
   68           | expression . "/" expression
   69           | expression . "**" expression
   79 if_statement: "if" "(" expression . ")" label "," label "," label
   80             | "if" "(" expression . ")" simple_statement
  100 branch_statement: "if" "(" expression . "then" body tail

    "then"                                     ολίσθηση, και μετάβαση στη κατάσταση 142
    ".OR."                                     ολίσθηση, και μετάβαση στη κατάσταση 97
    ".AND."                                    ολίσθηση, και μετάβαση στη κατάσταση 98
    ".GT. | .GE. | .LT. | .LE. | .EQ. | .NE."  ολίσθηση, και μετάβαση στη κατάσταση 99
    "+|-"                                      ολίσθηση, και μετάβαση στη κατάσταση 100
    "*"                                        ολίσθηση, και μετάβαση στη κατάσταση 101
    "/"                                        ολίσθηση, και μετάβαση στη κατάσταση 102
    "**"                                       ολίσθηση, και μετάβαση στη κατάσταση 103
    ")"                                        ολίσθηση, και μετάβαση στη κατάσταση 143


Κατάσταση 106 

  103 loop_statement: "do" "id" "=" . iter_space body "enddo"

    ".NOT"    ολίσθηση, και μετάβαση στη κατάσταση 54
    "+|-"     ολίσθηση, και μετάβαση στη κατάσταση 55
    "("       ολίσθηση, και μετάβαση στη κατάσταση 81
    "id"      ολίσθηση, και μετάβαση στη κατάσταση 22
    "iconst"  ολίσθηση, και μετάβαση στη κατάσταση 57
    "rconst"  ολίσθηση, και μετάβαση στη κατάσταση 58
    "cconst"  ολίσθηση, και μετάβαση στη κατάσταση 59
    "lconst"  ολίσθηση, και μετάβαση στη κατάσταση 60

    constant    πήγαινε στην κατάσταση 62
    variable    πήγαινε στην κατάσταση 63
    expression  πήγαινε στην κατάσταση 144
    iter_space  πήγαινε στην κατάσταση 145


Κατάσταση 107 

   14 undef_variable: "id" "(" . dims ")"

    "id"      ολίσθηση, και μετάβαση στη κατάσταση 146
    "iconst"  ολίσθηση, και μετάβαση στη κατάσταση 147

    dims  πήγαινε στην κατάσταση 148
    dim   πήγαινε στην κατάσταση 149


Κατάσταση 108 

   11 vars: vars "," . undef_variable
   12     | vars "," . error

    error  ολίσθηση, και μετάβαση στη κατάσταση 150
    "id"   ολίσθηση, και μετάβαση στη κατάσταση 69

    undef_variable  πήγαινε στην κατάσταση 151


Κατάσταση 109 

   59 variable: variable "(" expressions . ")"
   61 expressions: expressions . "," expression

    ")"  ολίσθηση, και μετάβαση στη κατάσταση 152
    ","  ολίσθηση, και μετάβαση στη κατάσταση 153


Κατάσταση 110 

   62 expressions: expression .
   63 expression: expression . ".OR." expression
   64           | expression . ".AND." expression
   65           | expression . ".GT. | .GE. | .LT. | .LE. | .EQ. | .NE." expression
   66           | expression . "+|-" expression
   67           | expression . "*" expression
   68           | expression . "/" expression
   69           | expression . "**" expression

    ".OR."                                     ολίσθηση, και μετάβαση στη κατάσταση 97
    ".AND."                                    ολίσθηση, και μετάβαση στη κατάσταση 98
    ".GT. | .GE. | .LT. | .LE. | .EQ. | .NE."  ολίσθηση, και μετάβαση στη κατάσταση 99
    "+|-"                                      ολίσθηση, και μετάβαση στη κατάσταση 100
    "*"                                        ολίσθηση, και μετάβαση στη κατάσταση 101
    "/"                                        ολίσθηση, και μετάβαση στη κατάσταση 102
    "**"                                       ολίσθηση, και μετάβαση στη κατάσταση 103

    $default  ελάττωση με χρήση του κανόνα 62 (expressions)


Κατάσταση 111 

   57 assignment: variable "=" "string" .

    $default  ελάττωση με χρήση του κανόνα 57 (assignment)


Κατάσταση 112 

   56 assignment: variable "=" expression .
   63 expression: expression . ".OR." expression
   64           | expression . ".AND." expression
   65           | expression . ".GT. | .GE. | .LT. | .LE. | .EQ. | .NE." expression
   66           | expression . "+|-" expression
   67           | expression . "*" expression
   68           | expression . "/" expression
   69           | expression . "**" expression

    ".OR."                                     ολίσθηση, και μετάβαση στη κατάσταση 97
    ".AND."                                    ολίσθηση, και μετάβαση στη κατάσταση 98
    ".GT. | .GE. | .LT. | .LE. | .EQ. | .NE."  ολίσθηση, και μετάβαση στη κατάσταση 99
    "+|-"                                      ολίσθηση, και μετάβαση στη κατάσταση 100
    "*"                                        ολίσθηση, και μετάβαση στη κατάσταση 101
    "/"                                        ολίσθηση, και μετάβαση στη κατάσταση 102
    "**"                                       ολίσθηση, και μετάβαση στη κατάσταση 103

    $default  ελάττωση με χρήση του κανόνα 56 (assignment)


Κατάσταση 113 

   58 variable: variable ":" "id" .

    $default  ελάττωση με χρήση του κανόνα 58 (variable)


Κατάσταση 114 

  108 header: "subroutine" "id" . "(" formal_parameters ")"
  109       | "subroutine" "id" .

    "("  ολίσθηση, και μετάβαση στη κατάσταση 154

    $default  ελάττωση με χρήση του κανόνα 109 (header)


Κατάσταση 115 

  107 header: type "function" . "id" "(" formal_parameters ")"

    "id"  ολίσθηση, και μετάβαση στη κατάσταση 155


Κατάσταση 116 

  106 subprogram: header body . "end"

    "end"  ολίσθηση, και μετάβαση στη κατάσταση 156


Κατάσταση 117 

   63 expression: expression . ".OR." expression
   64           | expression . ".AND." expression
   65           | expression . ".GT. | .GE. | .LT. | .LE. | .EQ. | .NE." expression
   66           | expression . "+|-" expression
   67           | expression . "*" expression
   68           | expression . "/" expression
   69           | expression . "**" expression
   74           | "(" expression . ")"

    ".OR."                                     ολίσθηση, και μετάβαση στη κατάσταση 97
    ".AND."                                    ολίσθηση, και μετάβαση στη κατάσταση 98
    ".GT. | .GE. | .LT. | .LE. | .EQ. | .NE."  ολίσθηση, και μετάβαση στη κατάσταση 99
    "+|-"                                      ολίσθηση, και μετάβαση στη κατάσταση 100
    "*"                                        ολίσθηση, και μετάβαση στη κατάσταση 101
    "/"                                        ολίσθηση, και μετάβαση στη κατάσταση 102
    "**"                                       ολίσθηση, και μετάβαση στη κατάσταση 103
    ")"                                        ολίσθηση, και μετάβαση στη κατάσταση 132


Κατάσταση 118 

   81 if_statement: error "(" expression ")" . label "," label "," label
   82             | error "(" expression ")" . simple_statement

    error       ολίσθηση, και μετάβαση στη κατάσταση 6
    "continue"  ολίσθηση, και μετάβαση στη κατάσταση 13
    "goto"      ολίσθηση, και μετάβαση στη κατάσταση 14
    "call"      ολίσθηση, και μετάβαση στη κατάσταση 15
    "read"      ολίσθηση, και μετάβαση στη κατάσταση 16
    "write"     ολίσθηση, και μετάβαση στη κατάσταση 17
    "if"        ολίσθηση, και μετάβαση στη κατάσταση 157
    "stop"      ολίσθηση, και μετάβαση στη κατάσταση 20
    "return"    ολίσθηση, και μετάβαση στη κατάσταση 21
    "id"        ολίσθηση, και μετάβαση στη κατάσταση 22
    "iconst"    ολίσθηση, και μετάβαση στη κατάσταση 23

    label             πήγαινε στην κατάσταση 158
    simple_statement  πήγαινε στην κατάσταση 159
    assignment        πήγαινε στην κατάσταση 30
    variable          πήγαινε στην κατάσταση 31
    goto_statement    πήγαινε στην κατάσταση 32
    if_statement      πήγαινε στην κατάσταση 33
    subroutine_call   πήγαινε στην κατάσταση 34
    io_statement      πήγαινε στην κατάσταση 35


Κατάσταση 119 

   23 field: "record" fields "endrec" . vars

    "id"  ολίσθηση, και μετάβαση στη κατάσταση 69

    vars            πήγαινε στην κατάσταση 160
    undef_variable  πήγαινε στην κατάσταση 71


Κατάσταση 120 

    4 declarations: declarations "record" fields "endrec" vars .
   11 vars: vars . "," undef_variable
   12     | vars . "," error

    ","  ολίσθηση, και μετάβαση στη κατάσταση 108

    $default  ελάττωση με χρήση του κανόνα 4 (declarations)


Κατάσταση 121 

   32 value: "+|-" . constant

    "iconst"  ολίσθηση, και μετάβαση στη κατάσταση 57
    "rconst"  ολίσθηση, και μετάβαση στη κατάσταση 58
    "cconst"  ολίσθηση, και μετάβαση στη κατάσταση 59
    "lconst"  ολίσθηση, και μετάβαση στη κατάσταση 60

    constant  πήγαινε στην κατάσταση 161


Κατάσταση 122 

   35 repeat: "iconst" .
   37 constant: "iconst" .

    "*"       ελάττωση με χρήση του κανόνα 35 (repeat)
    $default  ελάττωση με χρήση του κανόνα 37 (constant)


Κατάσταση 123 

   34 value: "string" .

    $default  ελάττωση με χρήση του κανόνα 34 (value)


Κατάσταση 124 

   26 value_list: "/" values . "/"
   27 values: values . "," value

    "/"  ολίσθηση, και μετάβαση στη κατάσταση 162
    ","  ολίσθηση, και μετάβαση στη κατάσταση 163


Κατάσταση 125 

   28 values: value .

    $default  ελάττωση με χρήση του κανόνα 28 (values)


Κατάσταση 126 

   29 value: repeat . "*" "+|-" constant
   30      | repeat . "*" constant
   31      | repeat . "*" "string"

    "*"  ολίσθηση, και μετάβαση στη κατάσταση 164


Κατάσταση 127 

   33 value: constant .

    $default  ελάττωση με χρήση του κανόνα 33 (value)


Κατάσταση 128 

   24 vals: vals "," "id" . value_list

    "/"  ολίσθηση, και μετάβαση στη κατάσταση 87

    value_list  πήγαινε στην κατάσταση 165


Κατάσταση 129 

   76 goto_statement: "goto" "id" "," "(" . labels ")"

    "iconst"  ολίσθηση, και μετάβαση στη κατάσταση 23

    label   πήγαινε στην κατάσταση 166
    labels  πήγαινε στην κατάσταση 167


Κατάσταση 130 

   86 read_list: read_list "," . read_item
   89 read_item: "(" read_list "," . "id" "=" iter_space ")"

    "("   ολίσθηση, και μετάβαση στη κατάσταση 50
    "id"  ολίσθηση, και μετάβαση στη κατάσταση 168

    variable   πήγαινε στην κατάσταση 51
    read_item  πήγαινε στην κατάσταση 131


Κατάσταση 131 

   86 read_list: read_list "," read_item .

    $default  ελάττωση με χρήση του κανόνα 86 (read_list)


Κατάσταση 132 

   74 expression: "(" expression ")" .

    $default  ελάττωση με χρήση του κανόνα 74 (expression)


Κατάσταση 133 

   93 write_list: write_list "," . write_item
   96 write_item: "(" write_list "," . "id" "=" iter_space ")"

    ".NOT"    ολίσθηση, και μετάβαση στη κατάσταση 54
    "+|-"     ολίσθηση, και μετάβαση στη κατάσταση 55
    "("       ολίσθηση, και μετάβαση στη κατάσταση 56
    "id"      ολίσθηση, και μετάβαση στη κατάσταση 169
    "iconst"  ολίσθηση, και μετάβαση στη κατάσταση 57
    "rconst"  ολίσθηση, και μετάβαση στη κατάσταση 58
    "cconst"  ολίσθηση, και μετάβαση στη κατάσταση 59
    "lconst"  ολίσθηση, και μετάβαση στη κατάσταση 60
    "string"  ολίσθηση, και μετάβαση στη κατάσταση 61

    constant    πήγαινε στην κατάσταση 62
    variable    πήγαινε στην κατάσταση 63
    expression  πήγαινε στην κατάσταση 64
    write_item  πήγαινε στην κατάσταση 141


Κατάσταση 134 

   63 expression: expression . ".OR." expression
   63           | expression ".OR." expression .
   64           | expression . ".AND." expression
   65           | expression . ".GT. | .GE. | .LT. | .LE. | .EQ. | .NE." expression
   66           | expression . "+|-" expression
   67           | expression . "*" expression
   68           | expression . "/" expression
   69           | expression . "**" expression

    $default  ελάττωση με χρήση του κανόνα 63 (expression)


Κατάσταση 135 

   63 expression: expression . ".OR." expression
   64           | expression . ".AND." expression
   64           | expression ".AND." expression .
   65           | expression . ".GT. | .GE. | .LT. | .LE. | .EQ. | .NE." expression
   66           | expression . "+|-" expression
   67           | expression . "*" expression
   68           | expression . "/" expression
   69           | expression . "**" expression

    ".OR."  ολίσθηση, και μετάβαση στη κατάσταση 97

    $default  ελάττωση με χρήση του κανόνα 64 (expression)


Κατάσταση 136 

   63 expression: expression . ".OR." expression
   64           | expression . ".AND." expression
   65           | expression . ".GT. | .GE. | .LT. | .LE. | .EQ. | .NE." expression
   65           | expression ".GT. | .GE. | .LT. | .LE. | .EQ. | .NE." expression .
   66           | expression . "+|-" expression
   67           | expression . "*" expression
   68           | expression . "/" expression
   69           | expression . "**" expression

    ".OR."   ολίσθηση, και μετάβαση στη κατάσταση 97
    ".AND."  ολίσθηση, και μετάβαση στη κατάσταση 98

    $default  ελάττωση με χρήση του κανόνα 65 (expression)


Κατάσταση 137 

   63 expression: expression . ".OR." expression
   64           | expression . ".AND." expression
   65           | expression . ".GT. | .GE. | .LT. | .LE. | .EQ. | .NE." expression
   66           | expression . "+|-" expression
   66           | expression "+|-" expression .
   67           | expression . "*" expression
   68           | expression . "/" expression
   69           | expression . "**" expression

    ".OR."                                     ολίσθηση, και μετάβαση στη κατάσταση 97
    ".AND."                                    ολίσθηση, και μετάβαση στη κατάσταση 98
    ".GT. | .GE. | .LT. | .LE. | .EQ. | .NE."  ολίσθηση, και μετάβαση στη κατάσταση 99

    $default  ελάττωση με χρήση του κανόνα 66 (expression)


Κατάσταση 138 

   63 expression: expression . ".OR." expression
   64           | expression . ".AND." expression
   65           | expression . ".GT. | .GE. | .LT. | .LE. | .EQ. | .NE." expression
   66           | expression . "+|-" expression
   67           | expression . "*" expression
   67           | expression "*" expression .
   68           | expression . "/" expression
   69           | expression . "**" expression

    ".OR."                                     ολίσθηση, και μετάβαση στη κατάσταση 97
    ".AND."                                    ολίσθηση, και μετάβαση στη κατάσταση 98
    ".GT. | .GE. | .LT. | .LE. | .EQ. | .NE."  ολίσθηση, και μετάβαση στη κατάσταση 99
    "+|-"                                      ολίσθηση, και μετάβαση στη κατάσταση 100

    $default  ελάττωση με χρήση του κανόνα 67 (expression)


Κατάσταση 139 

   63 expression: expression . ".OR." expression
   64           | expression . ".AND." expression
   65           | expression . ".GT. | .GE. | .LT. | .LE. | .EQ. | .NE." expression
   66           | expression . "+|-" expression
   67           | expression . "*" expression
   68           | expression . "/" expression
   68           | expression "/" expression .
   69           | expression . "**" expression

    ".OR."                                     ολίσθηση, και μετάβαση στη κατάσταση 97
    ".AND."                                    ολίσθηση, και μετάβαση στη κατάσταση 98
    ".GT. | .GE. | .LT. | .LE. | .EQ. | .NE."  ολίσθηση, και μετάβαση στη κατάσταση 99
    "+|-"                                      ολίσθηση, και μετάβαση στη κατάσταση 100

    $default  ελάττωση με χρήση του κανόνα 68 (expression)


Κατάσταση 140 

   63 expression: expression . ".OR." expression
   64           | expression . ".AND." expression
   65           | expression . ".GT. | .GE. | .LT. | .LE. | .EQ. | .NE." expression
   66           | expression . "+|-" expression
   67           | expression . "*" expression
   68           | expression . "/" expression
   69           | expression . "**" expression
   69           | expression "**" expression .

    ".OR."                                     ολίσθηση, και μετάβαση στη κατάσταση 97
    ".AND."                                    ολίσθηση, και μετάβαση στη κατάσταση 98
    ".GT. | .GE. | .LT. | .LE. | .EQ. | .NE."  ολίσθηση, και μετάβαση στη κατάσταση 99
    "+|-"                                      ολίσθηση, και μετάβαση στη κατάσταση 100
    "*"                                        ολίσθηση, και μετάβαση στη κατάσταση 101
    "/"                                        ολίσθηση, και μετάβαση στη κατάσταση 102

    $default  ελάττωση με χρήση του κανόνα 69 (expression)


Κατάσταση 141 

   93 write_list: write_list "," write_item .

    $default  ελάττωση με χρήση του κανόνα 93 (write_list)


Κατάσταση 142 

  100 branch_statement: "if" "(" expression "then" . body tail

    $default  ελάττωση με χρήση του κανόνα 6 (declarations)

    body          πήγαινε στην κατάσταση 170
    declarations  πήγαινε στην κατάσταση 3


Κατάσταση 143 

   79 if_statement: "if" "(" expression ")" . label "," label "," label
   80             | "if" "(" expression ")" . simple_statement

    error       ολίσθηση, και μετάβαση στη κατάσταση 6
    "continue"  ολίσθηση, και μετάβαση στη κατάσταση 13
    "goto"      ολίσθηση, και μετάβαση στη κατάσταση 14
    "call"      ολίσθηση, και μετάβαση στη κατάσταση 15
    "read"      ολίσθηση, και μετάβαση στη κατάσταση 16
    "write"     ολίσθηση, και μετάβαση στη κατάσταση 17
    "if"        ολίσθηση, και μετάβαση στη κατάσταση 157
    "stop"      ολίσθηση, και μετάβαση στη κατάσταση 20
    "return"    ολίσθηση, και μετάβαση στη κατάσταση 21
    "id"        ολίσθηση, και μετάβαση στη κατάσταση 22
    "iconst"    ολίσθηση, και μετάβαση στη κατάσταση 23

    label             πήγαινε στην κατάσταση 171
    simple_statement  πήγαινε στην κατάσταση 172
    assignment        πήγαινε στην κατάσταση 30
    variable          πήγαινε στην κατάσταση 31
    goto_statement    πήγαινε στην κατάσταση 32
    if_statement      πήγαινε στην κατάσταση 33
    subroutine_call   πήγαινε στην κατάσταση 34
    io_statement      πήγαινε στην κατάσταση 35


Κατάσταση 144 

   63 expression: expression . ".OR." expression
   64           | expression . ".AND." expression
   65           | expression . ".GT. | .GE. | .LT. | .LE. | .EQ. | .NE." expression
   66           | expression . "+|-" expression
   67           | expression . "*" expression
   68           | expression . "/" expression
   69           | expression . "**" expression
   90 iter_space: expression . "," expression step

    ".OR."                                     ολίσθηση, και μετάβαση στη κατάσταση 97
    ".AND."                                    ολίσθηση, και μετάβαση στη κατάσταση 98
    ".GT. | .GE. | .LT. | .LE. | .EQ. | .NE."  ολίσθηση, και μετάβαση στη κατάσταση 99
    "+|-"                                      ολίσθηση, και μετάβαση στη κατάσταση 100
    "*"                                        ολίσθηση, και μετάβαση στη κατάσταση 101
    "/"                                        ολίσθηση, και μετάβαση στη κατάσταση 102
    "**"                                       ολίσθηση, και μετάβαση στη κατάσταση 103
    ","                                        ολίσθηση, και μετάβαση στη κατάσταση 173


Κατάσταση 145 

  103 loop_statement: "do" "id" "=" iter_space . body "enddo"

    $default  ελάττωση με χρήση του κανόνα 6 (declarations)

    body          πήγαινε στην κατάσταση 174
    declarations  πήγαινε στην κατάσταση 3


Κατάσταση 146 

   19 dim: "id" .

    $default  ελάττωση με χρήση του κανόνα 19 (dim)


Κατάσταση 147 

   18 dim: "iconst" .

    $default  ελάττωση με χρήση του κανόνα 18 (dim)


Κατάσταση 148 

   14 undef_variable: "id" "(" dims . ")"
   16 dims: dims . "," dim

    ")"  ολίσθηση, και μετάβαση στη κατάσταση 175
    ","  ολίσθηση, και μετάβαση στη κατάσταση 176


Κατάσταση 149 

   17 dims: dim .

    $default  ελάττωση με χρήση του κανόνα 17 (dims)


Κατάσταση 150 

   12 vars: vars "," error .

    $default  ελάττωση με χρήση του κανόνα 12 (vars)


Κατάσταση 151 

   11 vars: vars "," undef_variable .

    $default  ελάττωση με χρήση του κανόνα 11 (vars)


Κατάσταση 152 

   59 variable: variable "(" expressions ")" .

    $default  ελάττωση με χρήση του κανόνα 59 (variable)


Κατάσταση 153 

   61 expressions: expressions "," . expression

    ".NOT"    ολίσθηση, και μετάβαση στη κατάσταση 54
    "+|-"     ολίσθηση, και μετάβαση στη κατάσταση 55
    "("       ολίσθηση, και μετάβαση στη κατάσταση 81
    "id"      ολίσθηση, και μετάβαση στη κατάσταση 22
    "iconst"  ολίσθηση, και μετάβαση στη κατάσταση 57
    "rconst"  ολίσθηση, και μετάβαση στη κατάσταση 58
    "cconst"  ολίσθηση, και μετάβαση στη κατάσταση 59
    "lconst"  ολίσθηση, και μετάβαση στη κατάσταση 60

    constant    πήγαινε στην κατάσταση 62
    variable    πήγαινε στην κατάσταση 63
    expression  πήγαινε στην κατάσταση 177


Κατάσταση 154 

  108 header: "subroutine" "id" "(" . formal_parameters ")"

    "integer"    ολίσθηση, και μετάβαση στη κατάσταση 7
    "real"       ολίσθηση, και μετάβαση στη κατάσταση 8
    "logical"    ολίσθηση, και μετάβαση στη κατάσταση 9
    "character"  ολίσθηση, και μετάβαση στη κατάσταση 10

    type               πήγαινε στην κατάσταση 178
    formal_parameters  πήγαινε στην κατάσταση 179


Κατάσταση 155 

  107 header: type "function" "id" . "(" formal_parameters ")"

    "("  ολίσθηση, και μετάβαση στη κατάσταση 180


Κατάσταση 156 

  106 subprogram: header body "end" .

    $default  ελάττωση με χρήση του κανόνα 106 (subprogram)


Κατάσταση 157 

   79 if_statement: "if" . "(" expression ")" label "," label "," label
   80             | "if" . "(" expression ")" simple_statement

    "("  ολίσθηση, και μετάβαση στη κατάσταση 181


Κατάσταση 158 

   81 if_statement: error "(" expression ")" label . "," label "," label

    ","  ολίσθηση, και μετάβαση στη κατάσταση 182


Κατάσταση 159 

   82 if_statement: error "(" expression ")" simple_statement .

    $default  ελάττωση με χρήση του κανόνα 82 (if_statement)


Κατάσταση 160 

   11 vars: vars . "," undef_variable
   12     | vars . "," error
   23 field: "record" fields "endrec" vars .

    ","  ολίσθηση, και μετάβαση στη κατάσταση 108

    $default  ελάττωση με χρήση του κανόνα 23 (field)


Κατάσταση 161 

   32 value: "+|-" constant .

    $default  ελάττωση με χρήση του κανόνα 32 (value)


Κατάσταση 162 

   26 value_list: "/" values "/" .

    $default  ελάττωση με χρήση του κανόνα 26 (value_list)


Κατάσταση 163 

   27 values: values "," . value

    "+|-"     ολίσθηση, και μετάβαση στη κατάσταση 121
    "iconst"  ολίσθηση, και μετάβαση στη κατάσταση 122
    "rconst"  ολίσθηση, και μετάβαση στη κατάσταση 58
    "cconst"  ολίσθηση, και μετάβαση στη κατάσταση 59
    "lconst"  ολίσθηση, και μετάβαση στη κατάσταση 60
    "string"  ολίσθηση, και μετάβαση στη κατάσταση 123

    $default  ελάττωση με χρήση του κανόνα 36 (repeat)

    value     πήγαινε στην κατάσταση 183
    repeat    πήγαινε στην κατάσταση 126
    constant  πήγαινε στην κατάσταση 127


Κατάσταση 164 

   29 value: repeat "*" . "+|-" constant
   30      | repeat "*" . constant
   31      | repeat "*" . "string"

    "+|-"     ολίσθηση, και μετάβαση στη κατάσταση 184
    "iconst"  ολίσθηση, και μετάβαση στη κατάσταση 57
    "rconst"  ολίσθηση, και μετάβαση στη κατάσταση 58
    "cconst"  ολίσθηση, και μετάβαση στη κατάσταση 59
    "lconst"  ολίσθηση, και μετάβαση στη κατάσταση 60
    "string"  ολίσθηση, και μετάβαση στη κατάσταση 185

    constant  πήγαινε στην κατάσταση 186


Κατάσταση 165 

   24 vals: vals "," "id" value_list .

    $default  ελάττωση με χρήση του κανόνα 24 (vals)


Κατάσταση 166 

   78 labels: label .

    $default  ελάττωση με χρήση του κανόνα 78 (labels)


Κατάσταση 167 

   76 goto_statement: "goto" "id" "," "(" labels . ")"
   77 labels: labels . "," label

    ")"  ολίσθηση, και μετάβαση στη κατάσταση 187
    ","  ολίσθηση, και μετάβαση στη κατάσταση 188


Κατάσταση 168 

   60 variable: "id" .
   89 read_item: "(" read_list "," "id" . "=" iter_space ")"

    "="  ολίσθηση, και μετάβαση στη κατάσταση 189

    $default  ελάττωση με χρήση του κανόνα 60 (variable)


Κατάσταση 169 

   60 variable: "id" .
   96 write_item: "(" write_list "," "id" . "=" iter_space ")"

    "="  ολίσθηση, και μετάβαση στη κατάσταση 190

    $default  ελάττωση με χρήση του κανόνα 60 (variable)


Κατάσταση 170 

  100 branch_statement: "if" "(" expression "then" body . tail

    "else"   ολίσθηση, και μετάβαση στη κατάσταση 191
    "endif"  ολίσθηση, και μετάβαση στη κατάσταση 192

    tail  πήγαινε στην κατάσταση 193


Κατάσταση 171 

   79 if_statement: "if" "(" expression ")" label . "," label "," label

    ","  ολίσθηση, και μετάβαση στη κατάσταση 194


Κατάσταση 172 

   80 if_statement: "if" "(" expression ")" simple_statement .

    $default  ελάττωση με χρήση του κανόνα 80 (if_statement)


Κατάσταση 173 

   90 iter_space: expression "," . expression step

    ".NOT"    ολίσθηση, και μετάβαση στη κατάσταση 54
    "+|-"     ολίσθηση, και μετάβαση στη κατάσταση 55
    "("       ολίσθηση, και μετάβαση στη κατάσταση 81
    "id"      ολίσθηση, και μετάβαση στη κατάσταση 22
    "iconst"  ολίσθηση, και μετάβαση στη κατάσταση 57
    "rconst"  ολίσθηση, και μετάβαση στη κατάσταση 58
    "cconst"  ολίσθηση, και μετάβαση στη κατάσταση 59
    "lconst"  ολίσθηση, και μετάβαση στη κατάσταση 60

    constant    πήγαινε στην κατάσταση 62
    variable    πήγαινε στην κατάσταση 63
    expression  πήγαινε στην κατάσταση 195


Κατάσταση 174 

  103 loop_statement: "do" "id" "=" iter_space body . "enddo"

    "enddo"  ολίσθηση, και μετάβαση στη κατάσταση 196


Κατάσταση 175 

   14 undef_variable: "id" "(" dims ")" .

    $default  ελάττωση με χρήση του κανόνα 14 (undef_variable)


Κατάσταση 176 

   16 dims: dims "," . dim

    "id"      ολίσθηση, και μετάβαση στη κατάσταση 146
    "iconst"  ολίσθηση, και μετάβαση στη κατάσταση 147

    dim  πήγαινε στην κατάσταση 197


Κατάσταση 177 

   61 expressions: expressions "," expression .
   63 expression: expression . ".OR." expression
   64           | expression . ".AND." expression
   65           | expression . ".GT. | .GE. | .LT. | .LE. | .EQ. | .NE." expression
   66           | expression . "+|-" expression
   67           | expression . "*" expression
   68           | expression . "/" expression
   69           | expression . "**" expression

    ".OR."                                     ολίσθηση, και μετάβαση στη κατάσταση 97
    ".AND."                                    ολίσθηση, και μετάβαση στη κατάσταση 98
    ".GT. | .GE. | .LT. | .LE. | .EQ. | .NE."  ολίσθηση, και μετάβαση στη κατάσταση 99
    "+|-"                                      ολίσθηση, και μετάβαση στη κατάσταση 100
    "*"                                        ολίσθηση, και μετάβαση στη κατάσταση 101
    "/"                                        ολίσθηση, και μετάβαση στη κατάσταση 102
    "**"                                       ολίσθηση, και μετάβαση στη κατάσταση 103

    $default  ελάττωση με χρήση του κανόνα 61 (expressions)


Κατάσταση 178 

  110 formal_parameters: type . vars "," formal_parameters
  111                  | type . vars

    "id"  ολίσθηση, και μετάβαση στη κατάσταση 69

    vars            πήγαινε στην κατάσταση 198
    undef_variable  πήγαινε στην κατάσταση 71


Κατάσταση 179 

  108 header: "subroutine" "id" "(" formal_parameters . ")"

    ")"  ολίσθηση, και μετάβαση στη κατάσταση 199


Κατάσταση 180 

  107 header: type "function" "id" "(" . formal_parameters ")"

    "integer"    ολίσθηση, και μετάβαση στη κατάσταση 7
    "real"       ολίσθηση, και μετάβαση στη κατάσταση 8
    "logical"    ολίσθηση, και μετάβαση στη κατάσταση 9
    "character"  ολίσθηση, και μετάβαση στη κατάσταση 10

    type               πήγαινε στην κατάσταση 178
    formal_parameters  πήγαινε στην κατάσταση 200


Κατάσταση 181 

   79 if_statement: "if" "(" . expression ")" label "," label "," label
   80             | "if" "(" . expression ")" simple_statement

    ".NOT"    ολίσθηση, και μετάβαση στη κατάσταση 54
    "+|-"     ολίσθηση, και μετάβαση στη κατάσταση 55
    "("       ολίσθηση, και μετάβαση στη κατάσταση 81
    "id"      ολίσθηση, και μετάβαση στη κατάσταση 22
    "iconst"  ολίσθηση, και μετάβαση στη κατάσταση 57
    "rconst"  ολίσθηση, και μετάβαση στη κατάσταση 58
    "cconst"  ολίσθηση, και μετάβαση στη κατάσταση 59
    "lconst"  ολίσθηση, και μετάβαση στη κατάσταση 60

    constant    πήγαινε στην κατάσταση 62
    variable    πήγαινε στην κατάσταση 63
    expression  πήγαινε στην κατάσταση 201


Κατάσταση 182 

   81 if_statement: error "(" expression ")" label "," . label "," label

    "iconst"  ολίσθηση, και μετάβαση στη κατάσταση 23

    label  πήγαινε στην κατάσταση 202


Κατάσταση 183 

   27 values: values "," value .

    $default  ελάττωση με χρήση του κανόνα 27 (values)


Κατάσταση 184 

   29 value: repeat "*" "+|-" . constant

    "iconst"  ολίσθηση, και μετάβαση στη κατάσταση 57
    "rconst"  ολίσθηση, και μετάβαση στη κατάσταση 58
    "cconst"  ολίσθηση, και μετάβαση στη κατάσταση 59
    "lconst"  ολίσθηση, και μετάβαση στη κατάσταση 60

    constant  πήγαινε στην κατάσταση 203


Κατάσταση 185 

   31 value: repeat "*" "string" .

    $default  ελάττωση με χρήση του κανόνα 31 (value)


Κατάσταση 186 

   30 value: repeat "*" constant .

    $default  ελάττωση με χρήση του κανόνα 30 (value)


Κατάσταση 187 

   76 goto_statement: "goto" "id" "," "(" labels ")" .

    $default  ελάττωση με χρήση του κανόνα 76 (goto_statement)


Κατάσταση 188 

   77 labels: labels "," . label

    "iconst"  ολίσθηση, και μετάβαση στη κατάσταση 23

    label  πήγαινε στην κατάσταση 204


Κατάσταση 189 

   89 read_item: "(" read_list "," "id" "=" . iter_space ")"

    ".NOT"    ολίσθηση, και μετάβαση στη κατάσταση 54
    "+|-"     ολίσθηση, και μετάβαση στη κατάσταση 55
    "("       ολίσθηση, και μετάβαση στη κατάσταση 81
    "id"      ολίσθηση, και μετάβαση στη κατάσταση 22
    "iconst"  ολίσθηση, και μετάβαση στη κατάσταση 57
    "rconst"  ολίσθηση, και μετάβαση στη κατάσταση 58
    "cconst"  ολίσθηση, και μετάβαση στη κατάσταση 59
    "lconst"  ολίσθηση, και μετάβαση στη κατάσταση 60

    constant    πήγαινε στην κατάσταση 62
    variable    πήγαινε στην κατάσταση 63
    expression  πήγαινε στην κατάσταση 144
    iter_space  πήγαινε στην κατάσταση 205


Κατάσταση 190 

   96 write_item: "(" write_list "," "id" "=" . iter_space ")"

    ".NOT"    ολίσθηση, και μετάβαση στη κατάσταση 54
    "+|-"     ολίσθηση, και μετάβαση στη κατάσταση 55
    "("       ολίσθηση, και μετάβαση στη κατάσταση 81
    "id"      ολίσθηση, και μετάβαση στη κατάσταση 22
    "iconst"  ολίσθηση, και μετάβαση στη κατάσταση 57
    "rconst"  ολίσθηση, και μετάβαση στη κατάσταση 58
    "cconst"  ολίσθηση, και μετάβαση στη κατάσταση 59
    "lconst"  ολίσθηση, και μετάβαση στη κατάσταση 60

    constant    πήγαινε στην κατάσταση 62
    variable    πήγαινε στην κατάσταση 63
    expression  πήγαινε στην κατάσταση 144
    iter_space  πήγαινε στην κατάσταση 206


Κατάσταση 191 

  101 tail: "else" . body "endif"

    $default  ελάττωση με χρήση του κανόνα 6 (declarations)

    body          πήγαινε στην κατάσταση 207
    declarations  πήγαινε στην κατάσταση 3


Κατάσταση 192 

  102 tail: "endif" .

    $default  ελάττωση με χρήση του κανόνα 102 (tail)


Κατάσταση 193 

  100 branch_statement: "if" "(" expression "then" body tail .

    $default  ελάττωση με χρήση του κανόνα 100 (branch_statement)


Κατάσταση 194 

   79 if_statement: "if" "(" expression ")" label "," . label "," label

    "iconst"  ολίσθηση, και μετάβαση στη κατάσταση 23

    label  πήγαινε στην κατάσταση 208


Κατάσταση 195 

   63 expression: expression . ".OR." expression
   64           | expression . ".AND." expression
   65           | expression . ".GT. | .GE. | .LT. | .LE. | .EQ. | .NE." expression
   66           | expression . "+|-" expression
   67           | expression . "*" expression
   68           | expression . "/" expression
   69           | expression . "**" expression
   90 iter_space: expression "," expression . step

    ".OR."                                     ολίσθηση, και μετάβαση στη κατάσταση 97
    ".AND."                                    ολίσθηση, και μετάβαση στη κατάσταση 98
    ".GT. | .GE. | .LT. | .LE. | .EQ. | .NE."  ολίσθηση, και μετάβαση στη κατάσταση 99
    "+|-"                                      ολίσθηση, και μετάβαση στη κατάσταση 100
    "*"                                        ολίσθηση, και μετάβαση στη κατάσταση 101
    "/"                                        ολίσθηση, και μετάβαση στη κατάσταση 102
    "**"                                       ολίσθηση, και μετάβαση στη κατάσταση 103
    ","                                        ολίσθηση, και μετάβαση στη κατάσταση 209

    $default  ελάττωση με χρήση του κανόνα 92 (step)

    step  πήγαινε στην κατάσταση 210


Κατάσταση 196 

  103 loop_statement: "do" "id" "=" iter_space body "enddo" .

    $default  ελάττωση με χρήση του κανόνα 103 (loop_statement)


Κατάσταση 197 

   16 dims: dims "," dim .

    $default  ελάττωση με χρήση του κανόνα 16 (dims)


Κατάσταση 198 

   11 vars: vars . "," undef_variable
   12     | vars . "," error
  110 formal_parameters: type vars . "," formal_parameters
  111                  | type vars .

    ","  ολίσθηση, και μετάβαση στη κατάσταση 211

    $default  ελάττωση με χρήση του κανόνα 111 (formal_parameters)


Κατάσταση 199 

  108 header: "subroutine" "id" "(" formal_parameters ")" .

    $default  ελάττωση με χρήση του κανόνα 108 (header)


Κατάσταση 200 

  107 header: type "function" "id" "(" formal_parameters . ")"

    ")"  ολίσθηση, και μετάβαση στη κατάσταση 212


Κατάσταση 201 

   63 expression: expression . ".OR." expression
   64           | expression . ".AND." expression
   65           | expression . ".GT. | .GE. | .LT. | .LE. | .EQ. | .NE." expression
   66           | expression . "+|-" expression
   67           | expression . "*" expression
   68           | expression . "/" expression
   69           | expression . "**" expression
   79 if_statement: "if" "(" expression . ")" label "," label "," label
   80             | "if" "(" expression . ")" simple_statement

    ".OR."                                     ολίσθηση, και μετάβαση στη κατάσταση 97
    ".AND."                                    ολίσθηση, και μετάβαση στη κατάσταση 98
    ".GT. | .GE. | .LT. | .LE. | .EQ. | .NE."  ολίσθηση, και μετάβαση στη κατάσταση 99
    "+|-"                                      ολίσθηση, και μετάβαση στη κατάσταση 100
    "*"                                        ολίσθηση, και μετάβαση στη κατάσταση 101
    "/"                                        ολίσθηση, και μετάβαση στη κατάσταση 102
    "**"                                       ολίσθηση, και μετάβαση στη κατάσταση 103
    ")"                                        ολίσθηση, και μετάβαση στη κατάσταση 143


Κατάσταση 202 

   81 if_statement: error "(" expression ")" label "," label . "," label

    ","  ολίσθηση, και μετάβαση στη κατάσταση 213


Κατάσταση 203 

   29 value: repeat "*" "+|-" constant .

    $default  ελάττωση με χρήση του κανόνα 29 (value)


Κατάσταση 204 

   77 labels: labels "," label .

    $default  ελάττωση με χρήση του κανόνα 77 (labels)


Κατάσταση 205 

   89 read_item: "(" read_list "," "id" "=" iter_space . ")"

    ")"  ολίσθηση, και μετάβαση στη κατάσταση 214


Κατάσταση 206 

   96 write_item: "(" write_list "," "id" "=" iter_space . ")"

    ")"  ολίσθηση, και μετάβαση στη κατάσταση 215


Κατάσταση 207 

  101 tail: "else" body . "endif"

    "endif"  ολίσθηση, και μετάβαση στη κατάσταση 216


Κατάσταση 208 

   79 if_statement: "if" "(" expression ")" label "," label . "," label

    ","  ολίσθηση, και μετάβαση στη κατάσταση 217


Κατάσταση 209 

   91 step: "," . expression

    ".NOT"    ολίσθηση, και μετάβαση στη κατάσταση 54
    "+|-"     ολίσθηση, και μετάβαση στη κατάσταση 55
    "("       ολίσθηση, και μετάβαση στη κατάσταση 81
    "id"      ολίσθηση, και μετάβαση στη κατάσταση 22
    "iconst"  ολίσθηση, και μετάβαση στη κατάσταση 57
    "rconst"  ολίσθηση, και μετάβαση στη κατάσταση 58
    "cconst"  ολίσθηση, και μετάβαση στη κατάσταση 59
    "lconst"  ολίσθηση, και μετάβαση στη κατάσταση 60

    constant    πήγαινε στην κατάσταση 62
    variable    πήγαινε στην κατάσταση 63
    expression  πήγαινε στην κατάσταση 218


Κατάσταση 210 

   90 iter_space: expression "," expression step .

    $default  ελάττωση με χρήση του κανόνα 90 (iter_space)


Κατάσταση 211 

   11 vars: vars "," . undef_variable
   12     | vars "," . error
  110 formal_parameters: type vars "," . formal_parameters

    error        ολίσθηση, και μετάβαση στη κατάσταση 150
    "integer"    ολίσθηση, και μετάβαση στη κατάσταση 7
    "real"       ολίσθηση, και μετάβαση στη κατάσταση 8
    "logical"    ολίσθηση, και μετάβαση στη κατάσταση 9
    "character"  ολίσθηση, και μετάβαση στη κατάσταση 10
    "id"         ολίσθηση, και μετάβαση στη κατάσταση 69

    type               πήγαινε στην κατάσταση 178
    undef_variable     πήγαινε στην κατάσταση 151
    formal_parameters  πήγαινε στην κατάσταση 219


Κατάσταση 212 

  107 header: type "function" "id" "(" formal_parameters ")" .

    $default  ελάττωση με χρήση του κανόνα 107 (header)


Κατάσταση 213 

   81 if_statement: error "(" expression ")" label "," label "," . label

    "iconst"  ολίσθηση, και μετάβαση στη κατάσταση 23

    label  πήγαινε στην κατάσταση 220


Κατάσταση 214 

   89 read_item: "(" read_list "," "id" "=" iter_space ")" .

    $default  ελάττωση με χρήση του κανόνα 89 (read_item)


Κατάσταση 215 

   96 write_item: "(" write_list "," "id" "=" iter_space ")" .

    $default  ελάττωση με χρήση του κανόνα 96 (write_item)


Κατάσταση 216 

  101 tail: "else" body "endif" .

    $default  ελάττωση με χρήση του κανόνα 101 (tail)


Κατάσταση 217 

   79 if_statement: "if" "(" expression ")" label "," label "," . label

    "iconst"  ολίσθηση, και μετάβαση στη κατάσταση 23

    label  πήγαινε στην κατάσταση 221


Κατάσταση 218 

   63 expression: expression . ".OR." expression
   64           | expression . ".AND." expression
   65           | expression . ".GT. | .GE. | .LT. | .LE. | .EQ. | .NE." expression
   66           | expression . "+|-" expression
   67           | expression . "*" expression
   68           | expression . "/" expression
   69           | expression . "**" expression
   91 step: "," expression .

    ".OR."                                     ολίσθηση, και μετάβαση στη κατάσταση 97
    ".AND."                                    ολίσθηση, και μετάβαση στη κατάσταση 98
    ".GT. | .GE. | .LT. | .LE. | .EQ. | .NE."  ολίσθηση, και μετάβαση στη κατάσταση 99
    "+|-"                                      ολίσθηση, και μετάβαση στη κατάσταση 100
    "*"                                        ολίσθηση, και μετάβαση στη κατάσταση 101
    "/"                                        ολίσθηση, και μετάβαση στη κατάσταση 102
    "**"                                       ολίσθηση, και μετάβαση στη κατάσταση 103

    $default  ελάττωση με χρήση του κανόνα 91 (step)


Κατάσταση 219 

  110 formal_parameters: type vars "," formal_parameters .

    $default  ελάττωση με χρήση του κανόνα 110 (formal_parameters)


Κατάσταση 220 

   81 if_statement: error "(" expression ")" label "," label "," label .

    $default  ελάττωση με χρήση του κανόνα 81 (if_statement)


Κατάσταση 221 

   79 if_statement: "if" "(" expression ")" label "," label "," label .

    $default  ελάττωση με χρήση του κανόνα 79 (if_statement)
